<?xml version="1.0" encoding="UTF-8"?>
<!-- Generated by org.testng.reporters.JUnitXMLReporter -->
<testsuite hostname="DESKTOP-E1E9EHH" ignored="0" name="Google Page testing " tests="3" failures="0" timestamp="28 Oct 2019 18:38:27 GMT" time="16.677" errors="0">
  <testcase name="openurl" time="2.25" classname="com.demomavenprojectpractice.com.demomavenpractice.Testngpracticee"/>
  <testcase name="clickurl" time="0.626" classname="com.demomavenprojectpractice.com.demomavenpractice.Testngpracticee"/>
  <testcase name="clickontesting" time="2.047" classname="com.demomavenprojectpractice.com.demomavenpractice.Testngpracticee"/>
</testsuite> <!-- Google Page testing  -->
