<?xml version="1.0" encoding="UTF-8"?>
<!-- Generated by org.testng.reporters.JUnitXMLReporter -->
<testsuite hostname="DESKTOP-E1E9EHH" ignored="0" name="Test" tests="2" failures="0" timestamp="20 May 2020 15:09:54 GMT" time="17.974" errors="0">
  <testcase name="openurl" time="3.242" classname="com.demomavenprojectpractice.com.demomavenpractice.TestNGXMLParameters"/>
  <testcase name="clickurl" time="3.508" classname="com.demomavenprojectpractice.com.demomavenpractice.TestNGXMLParameters"/>
</testsuite> <!-- Test -->
