<?xml version="1.0" encoding="UTF-8"?>
<!-- Generated by org.testng.reporters.JUnitXMLReporter -->
<testsuite hostname="DESKTOP-E1E9EHH" ignored="0" name="Test" tests="3" failures="0" timestamp="28 Oct 2019 18:18:55 GMT" time="17.661" errors="0">
  <testcase name="openurl" time="2.322" classname="com.demomavenprojectpractice.com.demomavenpractice.Testngpracticee"/>
  <testcase name="clickurl" time="0.609" classname="com.demomavenprojectpractice.com.demomavenpractice.Testngpracticee"/>
  <testcase name="clickontesting" time="2.929" classname="com.demomavenprojectpractice.com.demomavenpractice.Testngpracticee"/>
</testsuite> <!-- Test -->
