<?xml version="1.0" encoding="UTF-8"?>
<testng-results skipped="0" failed="0" ignored="0" total="1" passed="1">
  <reporter-output>
  </reporter-output>
  <suite name="Default suite" duration-ms="25311" started-at="2021-01-03T10:00:07Z" finished-at="2021-01-03T10:00:33Z">
    <groups>
    </groups>
    <test name="Default test" duration-ms="25311" started-at="2021-01-03T10:00:07Z" finished-at="2021-01-03T10:00:33Z">
      <class name="javabasicprogramms.ShadowDOMElement">
        <test-method status="PASS" signature="launchbrowser()[pri:0, instance:javabasicprogramms.ShadowDOMElement@1f554b06]" name="launchbrowser" is-config="true" duration-ms="14894" started-at="2021-01-03T10:00:07Z" description="launching of browser" finished-at="2021-01-03T10:00:22Z">
          <reporter-output>
          </reporter-output>
        </test-method> <!-- launchbrowser -->
        <test-method status="PASS" signature="bootstrapdown()[pri:1, instance:javabasicprogramms.ShadowDOMElement@1f554b06]" name="bootstrapdown" duration-ms="10157" started-at="2021-01-03T10:00:22Z" description="shadow dom elements " finished-at="2021-01-03T10:00:32Z">
          <reporter-output>
          </reporter-output>
        </test-method> <!-- bootstrapdown -->
        <test-method status="PASS" signature="closebrowser()[pri:0, instance:javabasicprogramms.ShadowDOMElement@1f554b06]" name="closebrowser" is-config="true" duration-ms="218" started-at="2021-01-03T10:00:32Z" finished-at="2021-01-03T10:00:33Z">
          <reporter-output>
          </reporter-output>
        </test-method> <!-- closebrowser -->
      </class> <!-- javabasicprogramms.ShadowDOMElement -->
    </test> <!-- Default test -->
  </suite> <!-- Default suite -->
</testng-results>
