<?xml version="1.0" encoding="UTF-8"?>
<testng-results skipped="0" failed="1" ignored="0" total="3" passed="2">
  <reporter-output>
  </reporter-output>
  <suite name="Default suite" duration-ms="24986" started-at="2020-02-24T14:37:29Z" finished-at="2020-02-24T14:37:54Z">
    <groups>
    </groups>
    <test name="Default test" duration-ms="24986" started-at="2020-02-24T14:37:29Z" finished-at="2020-02-24T14:37:54Z">
      <class name="com.demomavenprojectpractice.com.demomavenpractice.Testngpracticee">
        <test-method status="PASS" signature="launchbrowser()[pri:0, instance:com.demomavenprojectpractice.com.demomavenpractice.Testngpracticee@13a5fe33]" name="launchbrowser" is-config="true" duration-ms="10939" started-at="2020-02-25T01:37:29Z" description="launching of browser" finished-at="2020-02-25T01:37:40Z">
          <reporter-output>
          </reporter-output>
        </test-method> <!-- launchbrowser -->
        <test-method status="PASS" signature="openurl()[pri:1, instance:com.demomavenprojectpractice.com.demomavenpractice.Testngpracticee@13a5fe33]" name="openurl" duration-ms="1810" started-at="2020-02-25T01:37:40Z" description="open the url" finished-at="2020-02-25T01:37:42Z">
          <reporter-output>
          </reporter-output>
        </test-method> <!-- openurl -->
        <test-method status="PASS" signature="clickurl()[pri:2, instance:com.demomavenprojectpractice.com.demomavenpractice.Testngpracticee@13a5fe33]" name="clickurl" duration-ms="703" started-at="2020-02-25T01:37:42Z" description="search of testing " finished-at="2020-02-25T01:37:42Z">
          <reporter-output>
          </reporter-output>
        </test-method> <!-- clickurl -->
        <test-method status="FAIL" signature="clickontesting()[pri:3, instance:com.demomavenprojectpractice.com.demomavenpractice.Testngpracticee@13a5fe33]" name="clickontesting" duration-ms="10142" started-at="2020-02-25T01:37:42Z" description="click on testing definition" finished-at="2020-02-25T01:37:53Z">
          <exception class="org.openqa.selenium.NoSuchElementException">
            <message>
              <![CDATA[no such element: Unable to locate element: {"method":"xpath","selector":"//b[contains(text(),'jobs in pun')]"}  (Session info: chrome=80.0.3987.116)For documentation on this error, please visit: https://www.seleniumhq.org/exceptions/no_such_element.htmlBuild info: version: '4.0.0-alpha-3', revision: '8c567de6dc'System info: host: 'DESKTOP-E1E9EHH', ip: '192.168.99.1', os.name: 'Windows 10', os.arch: 'amd64', os.version: '10.0', java.version: '1.8.0_201'Driver info: org.openqa.selenium.chrome.ChromeDriverCapabilities {acceptInsecureCerts: false, browserName: chrome, browserVersion: 80.0.3987.116, chrome: {chromedriverVersion: 80.0.3987.106 (f68069574609..., userDataDir: C:\Users\ACER\AppData\Local...}, goog:chromeOptions: {debuggerAddress: localhost:49746}, javascriptEnabled: true, networkConnectionEnabled: false, pageLoadStrategy: normal, platform: WINDOWS, platformName: WINDOWS, proxy: Proxy(), setWindowRect: true, strictFileInteractability: false, timeouts: {implicit: 0, pageLoad: 300000, script: 30000}, unhandledPromptBehavior: dismiss and notify}Session ID: b6efc9c4a3c90fbef86c5bc2e3447a35*** Element info: {Using=xpath, value=//b[contains(text(),'jobs in pun')]}]]>
            </message>
            <full-stacktrace>
              <![CDATA[org.openqa.selenium.NoSuchElementException: no such element: Unable to locate element: {"method":"xpath","selector":"//b[contains(text(),'jobs in pun')]"}  (Session info: chrome=80.0.3987.116)For documentation on this error, please visit: https://www.seleniumhq.org/exceptions/no_such_element.htmlBuild info: version: '4.0.0-alpha-3', revision: '8c567de6dc'System info: host: 'DESKTOP-E1E9EHH', ip: '192.168.99.1', os.name: 'Windows 10', os.arch: 'amd64', os.version: '10.0', java.version: '1.8.0_201'Driver info: org.openqa.selenium.chrome.ChromeDriverCapabilities {acceptInsecureCerts: false, browserName: chrome, browserVersion: 80.0.3987.116, chrome: {chromedriverVersion: 80.0.3987.106 (f68069574609..., userDataDir: C:\Users\ACER\AppData\Local...}, goog:chromeOptions: {debuggerAddress: localhost:49746}, javascriptEnabled: true, networkConnectionEnabled: false, pageLoadStrategy: normal, platform: WINDOWS, platformName: WINDOWS, proxy: Proxy(), setWindowRect: true, strictFileInteractability: false, timeouts: {implicit: 0, pageLoad: 300000, script: 30000}, unhandledPromptBehavior: dismiss and notify}Session ID: b6efc9c4a3c90fbef86c5bc2e3447a35*** Element info: {Using=xpath, value=//b[contains(text(),'jobs in pun')]}at sun.reflect.NativeConstructorAccessorImpl.newInstance0(Native Method)at sun.reflect.NativeConstructorAccessorImpl.newInstance(NativeConstructorAccessorImpl.java:62)at sun.reflect.DelegatingConstructorAccessorImpl.newInstance(DelegatingConstructorAccessorImpl.java:45)at java.lang.reflect.Constructor.newInstance(Constructor.java:423)at org.openqa.selenium.remote.codec.w3c.W3CHttpResponseCodec.createException(W3CHttpResponseCodec.java:191)at org.openqa.selenium.remote.codec.w3c.W3CHttpResponseCodec.decode(W3CHttpResponseCodec.java:125)at org.openqa.selenium.remote.codec.w3c.W3CHttpResponseCodec.decode(W3CHttpResponseCodec.java:52)at org.openqa.selenium.remote.HttpCommandExecutor.execute(HttpCommandExecutor.java:161)at org.openqa.selenium.remote.service.DriverCommandExecutor.execute(DriverCommandExecutor.java:83)at org.openqa.selenium.remote.RemoteWebDriver.execute(RemoteWebDriver.java:576)at org.openqa.selenium.remote.RemoteWebDriver.findElement(RemoteWebDriver.java:327)at org.openqa.selenium.remote.RemoteWebDriver.findElementByXPath(RemoteWebDriver.java:445)at org.openqa.selenium.By$ByXPath.findElement(By.java:396)at org.openqa.selenium.remote.RemoteWebDriver.findElement(RemoteWebDriver.java:319)at com.demomavenprojectpractice.com.demomavenpractice.Testngpracticee.clickontesting(Testngpracticee.java:63)at sun.reflect.NativeMethodAccessorImpl.invoke0(Native Method)at sun.reflect.NativeMethodAccessorImpl.invoke(NativeMethodAccessorImpl.java:62)at sun.reflect.DelegatingMethodAccessorImpl.invoke(DelegatingMethodAccessorImpl.java:43)at java.lang.reflect.Method.invoke(Method.java:498)at org.testng.internal.MethodInvocationHelper.invokeMethod(MethodInvocationHelper.java:124)at org.testng.internal.Invoker.invokeMethod(Invoker.java:571)at org.testng.internal.Invoker.invokeTestMethod(Invoker.java:707)at org.testng.internal.Invoker.invokeTestMethods(Invoker.java:979)at org.testng.internal.TestMethodWorker.invokeTestMethods(TestMethodWorker.java:125)at org.testng.internal.TestMethodWorker.run(TestMethodWorker.java:109)at org.testng.TestRunner.privateRun(TestRunner.java:648)at org.testng.TestRunner.run(TestRunner.java:505)at org.testng.SuiteRunner.runTest(SuiteRunner.java:455)at org.testng.SuiteRunner.runSequentially(SuiteRunner.java:450)at org.testng.SuiteRunner.privateRun(SuiteRunner.java:415)at org.testng.SuiteRunner.run(SuiteRunner.java:364)at org.testng.SuiteRunnerWorker.runSuite(SuiteRunnerWorker.java:52)at org.testng.SuiteRunnerWorker.run(SuiteRunnerWorker.java:84)at org.testng.TestNG.runSuitesSequentially(TestNG.java:1187)at org.testng.TestNG.runSuitesLocally(TestNG.java:1116)at org.testng.TestNG.runSuites(TestNG.java:1028)at org.testng.TestNG.run(TestNG.java:996)at org.testng.remote.AbstractRemoteTestNG.run(AbstractRemoteTestNG.java:114)at org.testng.remote.RemoteTestNG.initAndRun(RemoteTestNG.java:251)at org.testng.remote.RemoteTestNG.main(RemoteTestNG.java:77)]]>
            </full-stacktrace>
          </exception> <!-- org.openqa.selenium.NoSuchElementException -->
          <reporter-output>
          </reporter-output>
        </test-method> <!-- clickontesting -->
        <test-method status="PASS" signature="close()[pri:0, instance:com.demomavenprojectpractice.com.demomavenpractice.Testngpracticee@13a5fe33]" name="close" is-config="true" duration-ms="1354" started-at="2020-02-25T01:37:53Z" finished-at="2020-02-25T01:37:54Z">
          <reporter-output>
          </reporter-output>
        </test-method> <!-- close -->
      </class> <!-- com.demomavenprojectpractice.com.demomavenpractice.Testngpracticee -->
    </test> <!-- Default test -->
  </suite> <!-- Default suite -->
</testng-results>
